<?xml version="1.0" encoding="UTF-8"?>
<!-- Generated by org.testng.reporters.JUnitReportReporter -->
<testsuite hostname="LAPTOP-D8VGI4MQ" failures="0" tests="1" name="testng.AmazonTest" time="232.972" errors="0" timestamp="2024-03-24T16:39:31 IST" skipped="0">
  <testcase classname="testng.AmazonTest" name="AmazonNavigationtestcase" time="232.972"/>
  <system-out/>
</testsuite> <!-- testng.AmazonTest -->
