<?xml version="1.0" encoding="UTF-8"?>
<!-- Generated by org.testng.reporters.JUnitReportReporter -->
<testsuite hostname="LAPTOP-D8VGI4MQ" failures="0" tests="1" name="testng.AmazonLeftNavigationTest" time="181.678" errors="0" timestamp="2024-03-24T17:35:17 IST" skipped="0">
  <testcase classname="testng.AmazonLeftNavigationTest" name="AmazonLeftNavigationtestcase" time="181.678"/>
  <system-out/>
</testsuite> <!-- testng.AmazonLeftNavigationTest -->
