<?xml version="1.0" encoding="UTF-8"?>
<!-- Generated by org.testng.reporters.JUnitReportReporter -->
<testsuite hostname="LAPTOP-D8VGI4MQ" failures="0" tests="3" name="testng.eBayTest" time="46.529" errors="0" timestamp="2024-01-13T23:37:28 IST" skipped="2">
  <testcase classname="testng.eBayTest" name="eBaytestcase" time="46.529"/>
  <system-out/>
  <testcase classname="testng.eBayTest" name="eBaytestcaseeBaytestcaseeBaytestcaseeBaytestcaseRagavanHiTestcase">
    <skipped/>
  </testcase> <!-- eBaytestcaseeBaytestcaseeBaytestcaseeBaytestcaseRagavanHiTestcase -->
  <system-out/>
  <testcase classname="testng.eBayTest" name="eBaytestcase3">
    <skipped/>
  </testcase> <!-- eBaytestcase3 -->
  <system-out/>
</testsuite> <!-- testng.eBayTest -->
