<?xml version="1.0" encoding="UTF-8"?>
<!-- Generated by org.testng.reporters.JUnitReportReporter -->
<testsuite hostname="LAPTOP-D8VGI4MQ" failures="0" tests="1" name="testng.AmazonIndiaPurchaseTest" time="47.586" errors="0" timestamp="2024-03-24T16:39:31 IST" skipped="0">
  <testcase classname="testng.AmazonIndiaPurchaseTest" name="VerifyAmazonIndiaPurchasePassed" time="47.586"/>
  <system-out/>
</testsuite> <!-- testng.AmazonIndiaPurchaseTest -->
